<?xml version="1.0" encoding="UTF-8"?>
<!-- Generated by org.testng.reporters.JUnitReportReporter -->
<testsuite hostname="SSS" failures="0" tests="3" name="SeleniumFramework.PageObject" time="31.121" errors="0" timestamp="2024-11-12T16:52:00 IST" skipped="0">
  <testcase classname="SeleniumFramework.PageObject" name="submitOrder" time="12.724"/>
  <testcase classname="SeleniumFramework.PageObject" name="submitOrder" time="14.187"/>
  <testcase classname="SeleniumFramework.PageObject" name="OrderHistory" time="4.210"/>
</testsuite> <!-- SeleniumFramework.PageObject -->
