<?xml version="1.0" encoding="UTF-8"?>
<!-- Generated by org.testng.reporters.JUnitReportReporter -->
<testsuite hostname="SSS" failures="0" tests="1" name="SeleniumFramework.ErrorValidation" time="3.975" errors="0" timestamp="2024-11-12T16:52:26 IST" skipped="0">
  <testcase classname="SeleniumFramework.ErrorValidation" name="LoginErrorValidation" time="3.975"/>
</testsuite> <!-- SeleniumFramework.ErrorValidation -->
