<?xml version="1.0" encoding="UTF-8"?>
<!-- Generated by org.testng.reporters.JUnitReportReporter -->
<testsuite hostname="SSS" failures="0" tests="1" name="CucumberFramework.TestngTestRunner" time="6.042" errors="0" timestamp="2024-11-12T16:35:39 IST" skipped="0">
  <testcase classname="CucumberFramework.TestngTestRunner" name="runScenario" time="6.042"/>
</testsuite> <!-- CucumberFramework.TestngTestRunner -->
