<?xml version="1.0" encoding="UTF-8"?>
<!-- Generated by org.testng.reporters.JUnitReportReporter -->
<testsuite hostname="SSS" failures="0" tests="2" name="SeleniumFramework.PageObject" time="25.906" errors="0" timestamp="2024-11-12T17:09:36 IST" skipped="0">
  <testcase classname="SeleniumFramework.PageObject" name="submitOrder" time="14.006"/>
  <testcase classname="SeleniumFramework.PageObject" name="submitOrder" time="11.900"/>
</testsuite> <!-- SeleniumFramework.PageObject -->
