<?xml version="1.0" encoding="UTF-8"?>
<!-- Generated by org.testng.reporters.JUnitReportReporter -->
<testsuite hostname="SSS" failures="0" tests="2" name="SeleniumFramework.ErrorValidation" time="14.627" errors="0" timestamp="2024-11-12T11:06:23 IST" skipped="0">
  <testcase classname="SeleniumFramework.ErrorValidation" name="productErrorValidation" time="5.585"/>
  <testcase classname="SeleniumFramework.ErrorValidation" name="LoginErrorValidation" time="9.042"/>
</testsuite> <!-- SeleniumFramework.ErrorValidation -->
